<?xml version="1.0" encoding="UTF-8"?>
<testsuite name="com.example.project.CalculatorTests" tests="5" skipped="0" failures="0" errors="0" timestamp="2019-07-07T11:53:48" hostname="deep-thought" time="0.078">
  <properties/>
  <testcase name="addsTwoNumbers()" classname="com.example.project.CalculatorTests" time="0.018"/>
  <testcase name="add(int, int, int)[1]" classname="com.example.project.CalculatorTests" time="0.017"/>
  <testcase name="add(int, int, int)[2]" classname="com.example.project.CalculatorTests" time="0.001"/>
  <testcase name="add(int, int, int)[3]" classname="com.example.project.CalculatorTests" time="0.001"/>
  <testcase name="add(int, int, int)[4]" classname="com.example.project.CalculatorTests" time="0.001"/>
  <system-out><![CDATA[]]></system-out>
  <system-err><![CDATA[]]></system-err>
</testsuite>
